<?xml version="1.0" encoding="UTF-8"?>
<!-- Generated by org.testng.reporters.JUnitXMLReporter -->
<testsuite ignored="0" hostname="Vishnu" failures="0" tests="6" name="mytest" time="17.894" errors="0" timestamp="2023-11-04T12:40:28 IST">
  <testcase classname="testng.FirstTest" name="test1" time="0.012"/>
  <testcase classname="testng.FirstTest" name="test2" time="0.003"/>
  <testcase classname="testng.FirstTest" name="test3" time="0.001"/>
  <testcase classname="testng.SecondTest" name="openApp" time="15.438"/>
  <testcase classname="testng.SecondTest" name="login" time="2.18"/>
  <testcase classname="testng.SecondTest" name="closeApp" time="0.2"/>
</testsuite> <!-- mytest -->
