<?xml version="1.0" encoding="UTF-8"?>
<!-- Generated by org.testng.reporters.JUnitXMLReporter -->
<testsuite ignored="0" hostname="Vishnu" failures="1" tests="3" name="Test" time="16.112" errors="0" timestamp="2023-11-10T11:05:36 IST">
  <testcase classname="testngExtentReports.MyExtent" name="testlogo" time="0.076"/>
  <testcase classname="testngExtentReports.MyExtent" name="testlogin" time="6.46">
    <failure type="java.lang.AssertionError" message="expected [false] but found [true]">
      <![CDATA[java.lang.AssertionError: expected [false] but found [true]
at testngExtentReports.MyExtent.testlogin(MyExtent.java:54)
at java.base/java.util.ArrayList.forEach(ArrayList.java:1511)
... Removed 31 stack frames]]>
    </failure>
  </testcase> <!-- testlogin -->
  <testcase classname="testngExtentReports.MyExtent" name="logout" time="0.0">
    <skipped/>
  </testcase> <!-- logout -->
</testsuite> <!-- Test -->
