<?xml version="1.0" encoding="UTF-8"?>
<!-- Generated by org.testng.reporters.JUnitXMLReporter -->
<testsuite ignored="6" hostname="Vishnu" failures="0" tests="3" name="my test" time="0.071" errors="0" timestamp="2023-11-05T12:32:30 IST">
  <testcase classname="testngGrouping.Grouping" name="signupByFacebook" time="0.013"/>
  <testcase classname="testngGrouping.Grouping" name="signupByTwitter" time="0.002"/>
  <testcase classname="testngGrouping.Grouping" name="paymentReturnByBank" time="0.001"/>
  <testcase classname="testngGrouping.Grouping" name="signupByEmail" time="0.0">
    <ignored/>
  </testcase> <!-- signupByEmail -->
  <testcase classname="testngGrouping.Grouping" name="paymentinDollar" time="0.0">
    <ignored/>
  </testcase> <!-- paymentinDollar -->
  <testcase classname="testngGrouping.Grouping" name="loginByEmail" time="0.0">
    <ignored/>
  </testcase> <!-- loginByEmail -->
  <testcase classname="testngGrouping.Grouping" name="paymanetinRupees" time="0.0">
    <ignored/>
  </testcase> <!-- paymanetinRupees -->
  <testcase classname="testngGrouping.Grouping" name="loginByTwitter" time="0.0">
    <ignored/>
  </testcase> <!-- loginByTwitter -->
  <testcase classname="testngGrouping.Grouping" name="loginByFacebook" time="0.0">
    <ignored/>
  </testcase> <!-- loginByFacebook -->
</testsuite> <!-- my test -->
